==282560== Memcheck, a memory error detector
==282560== Copyright (C) 2002-2017, and GNU GPL'd, by Julian Seward et al.
==282560== Using Valgrind-3.18.1-42b08ed5bd-20211015 and LibVEX; rerun with -h for copyright info
==282560== Command: ./code
==282560== Parent PID: 275715
==282560== 
--282560-- 
--282560-- Valgrind options:
--282560--    -v
--282560--    --tool=memcheck
--282560--    --leak-check=full
--282560--    --num-callers=40
--282560--    --log-file=valgrind.log
--282560-- Contents of /proc/version:
--282560--   Linux version 5.15.153.1-microsoft-standard-WSL2 (root@941d701f84f1) (gcc (GCC) 11.2.0, GNU ld (GNU Binutils) 2.37) #1 SMP Fri Mar 29 23:14:13 UTC 2024
--282560-- 
--282560-- Arch and hwcaps: AMD64, LittleEndian, amd64-cx16-lzcnt-rdtscp-sse3-ssse3-avx-avx2-bmi-f16c-rdrand-rdseed
--282560-- Page sizes: currently 4096, max supported 4096
--282560-- Valgrind library directory: /usr/libexec/valgrind
--282560-- Reading syms from /home/khajornritdacha/sandbox/study/indiv-nattee/code
--282560-- Reading syms from /usr/lib/x86_64-linux-gnu/ld-linux-x86-64.so.2
--282560--   Considering /usr/lib/debug/.build-id/41/86944c50f8a32b47d74931e3f512b811813b64.debug ..
--282560--   .. build-id is valid
--282560-- Reading syms from /usr/libexec/valgrind/memcheck-amd64-linux
--282560--    object doesn't have a symbol table
--282560--    object doesn't have a dynamic symbol table
--282560-- Scheduler: using generic scheduler lock implementation.
--282560-- Reading suppressions file: /usr/libexec/valgrind/default.supp
==282560== embedded gdbserver: reading from /tmp/vgdb-pipe-from-vgdb-to-282560-by-khajornritdacha-on-???
==282560== embedded gdbserver: writing to   /tmp/vgdb-pipe-to-vgdb-from-282560-by-khajornritdacha-on-???
==282560== embedded gdbserver: shared mem   /tmp/vgdb-pipe-shared-mem-vgdb-282560-by-khajornritdacha-on-???
==282560== 
==282560== TO CONTROL THIS PROCESS USING vgdb (which you probably
==282560== don't want to do, unless you know exactly what you're doing,
==282560== or are doing some strange experiment):
==282560==   /usr/bin/vgdb --pid=282560 ...command...
==282560== 
==282560== TO DEBUG THIS PROCESS USING GDB: start GDB like this
==282560==   /path/to/gdb ./code
==282560== and then give GDB the following command
==282560==   target remote | /usr/bin/vgdb --pid=282560
==282560== --pid is optional if only one valgrind process is running
==282560== 
--282560-- REDIR: 0x402aa40 (ld-linux-x86-64.so.2:strlen) redirected to 0x580bcec2 (???)
--282560-- REDIR: 0x402a810 (ld-linux-x86-64.so.2:index) redirected to 0x580bcedc (???)
--282560-- Reading syms from /usr/libexec/valgrind/vgpreload_core-amd64-linux.so
--282560--    object doesn't have a symbol table
--282560-- Reading syms from /usr/libexec/valgrind/vgpreload_memcheck-amd64-linux.so
--282560--    object doesn't have a symbol table
==282560== WARNING: new redirection conflicts with existing -- ignoring it
--282560--     old: 0x0402aa40 (strlen              ) R-> (0000.0) 0x580bcec2 ???
--282560--     new: 0x0402aa40 (strlen              ) R-> (2007.0) 0x0484ee30 strlen
--282560-- REDIR: 0x4027220 (ld-linux-x86-64.so.2:strcmp) redirected to 0x484fcd0 (strcmp)
--282560-- REDIR: 0x402afa0 (ld-linux-x86-64.so.2:mempcpy) redirected to 0x4853840 (mempcpy)
--282560-- Reading syms from /usr/lib/x86_64-linux-gnu/libstdc++.so.6.0.30
--282560--    object doesn't have a symbol table
--282560-- Reading syms from /usr/lib/x86_64-linux-gnu/libc.so.6
--282560--   Considering /usr/lib/debug/.build-id/49/0fef8403240c91833978d494d39e537409b92e.debug ..
--282560--   .. build-id is valid
==282560== WARNING: new redirection conflicts with existing -- ignoring it
--282560--     old: 0x04b35c60 (memalign            ) R-> (1011.0) 0x0484e080 memalign
--282560--     new: 0x04b35c60 (memalign            ) R-> (1017.0) 0x0484e050 aligned_alloc
==282560== WARNING: new redirection conflicts with existing -- ignoring it
--282560--     old: 0x04b35c60 (memalign            ) R-> (1011.0) 0x0484e080 memalign
--282560--     new: 0x04b35c60 (memalign            ) R-> (1017.0) 0x0484e020 aligned_alloc
==282560== WARNING: new redirection conflicts with existing -- ignoring it
--282560--     old: 0x04b35c60 (memalign            ) R-> (1011.0) 0x0484e080 memalign
--282560--     new: 0x04b35c60 (memalign            ) R-> (1017.0) 0x0484e050 aligned_alloc
==282560== WARNING: new redirection conflicts with existing -- ignoring it
--282560--     old: 0x04b35c60 (memalign            ) R-> (1011.0) 0x0484e080 memalign
--282560--     new: 0x04b35c60 (memalign            ) R-> (1017.0) 0x0484e020 aligned_alloc
--282560-- Reading syms from /usr/lib/x86_64-linux-gnu/libm.so.6
--282560--   Considering /usr/lib/debug/.build-id/a5/08ec5d8bf12fb7fd08204e0f87518e5cd0b102.debug ..
--282560--   .. build-id is valid
--282560-- Reading syms from /usr/lib/x86_64-linux-gnu/libgcc_s.so.1
--282560--    object doesn't have a symbol table
--282560-- REDIR: 0x4b38720 (libc.so.6:strnlen) redirected to 0x483f220 (_vgnU_ifunc_wrapper)
--282560-- REDIR: 0x4b389e0 (libc.so.6:strpbrk) redirected to 0x483f220 (_vgnU_ifunc_wrapper)
--282560-- REDIR: 0x4b382e0 (libc.so.6:strcmp) redirected to 0x483f220 (_vgnU_ifunc_wrapper)
--282560-- REDIR: 0x4b56cd0 (libc.so.6:wcsnlen) redirected to 0x483f220 (_vgnU_ifunc_wrapper)
--282560-- REDIR: 0x4b396d0 (libc.so.6:memset) redirected to 0x483f220 (_vgnU_ifunc_wrapper)
--282560-- REDIR: 0x4b55540 (libc.so.6:wcslen) redirected to 0x483f220 (_vgnU_ifunc_wrapper)
--282560-- REDIR: 0x4b39c10 (libc.so.6:memcpy@@GLIBC_2.14) redirected to 0x483f220 (_vgnU_ifunc_wrapper)
--282560-- REDIR: 0x4b55370 (libc.so.6:wcschr) redirected to 0x483f220 (_vgnU_ifunc_wrapper)
--282560-- REDIR: 0x4b38260 (libc.so.6:index) redirected to 0x483f220 (_vgnU_ifunc_wrapper)
--282560-- REDIR: 0x4b38960 (libc.so.6:rindex) redirected to 0x483f220 (_vgnU_ifunc_wrapper)
--282560-- REDIR: 0x4b395a0 (libc.so.6:memmove) redirected to 0x483f220 (_vgnU_ifunc_wrapper)
==282560== Preferring higher priority redirection:
--282560--     old: 0x04c307c0 (__memcpy_avx_unalign) R-> (2018.0) 0x04850f90 __memcpy_avx_unaligned_erms
--282560--     new: 0x04c307c0 (__memcpy_avx_unalign) R-> (2018.1) 0x04852880 memmove
--282560-- REDIR: 0x4b553f0 (libc.so.6:wcscmp) redirected to 0x483f220 (_vgnU_ifunc_wrapper)
--282560-- REDIR: 0x4b399e0 (libc.so.6:stpncpy) redirected to 0x483f220 (_vgnU_ifunc_wrapper)
--282560-- REDIR: 0x4b559b0 (libc.so.6:wmemchr) redirected to 0x483f220 (_vgnU_ifunc_wrapper)
--282560-- REDIR: 0x4b38830 (libc.so.6:strncmp) redirected to 0x483f220 (_vgnU_ifunc_wrapper)
--282560-- REDIR: 0x4b39a70 (libc.so.6:strcasecmp) redirected to 0x483f220 (_vgnU_ifunc_wrapper)
--282560-- REDIR: 0x4b38420 (libc.so.6:strcspn) redirected to 0x483f220 (_vgnU_ifunc_wrapper)
--282560-- REDIR: 0x4b55470 (libc.so.6:wcscpy) redirected to 0x483f220 (_vgnU_ifunc_wrapper)
--282560-- REDIR: 0x4b381d0 (libc.so.6:strcat) redirected to 0x483f220 (_vgnU_ifunc_wrapper)
--282560-- REDIR: 0x4b39b60 (libc.so.6:strncasecmp_l) redirected to 0x483f220 (_vgnU_ifunc_wrapper)
--282560-- REDIR: 0x4b39480 (libc.so.6:bcmp) redirected to 0x483f220 (_vgnU_ifunc_wrapper)
--282560-- REDIR: 0x4b41570 (libc.so.6:memrchr) redirected to 0x483f220 (_vgnU_ifunc_wrapper)
--282560-- REDIR: 0x4b3b010 (libc.so.6:strchrnul) redirected to 0x483f220 (_vgnU_ifunc_wrapper)
--282560-- REDIR: 0x4b38390 (libc.so.6:strcpy) redirected to 0x483f220 (_vgnU_ifunc_wrapper)
--282560-- REDIR: 0x4b39b10 (libc.so.6:strcasecmp_l) redirected to 0x483f220 (_vgnU_ifunc_wrapper)
--282560-- REDIR: 0x4b386a0 (libc.so.6:strlen) redirected to 0x483f220 (_vgnU_ifunc_wrapper)
--282560-- REDIR: 0x4b388d0 (libc.so.6:strncpy) redirected to 0x483f220 (_vgnU_ifunc_wrapper)
--282560-- REDIR: 0x4b39950 (libc.so.6:stpcpy) redirected to 0x483f220 (_vgnU_ifunc_wrapper)
--282560-- REDIR: 0x4b393f0 (libc.so.6:memchr) redirected to 0x483f220 (_vgnU_ifunc_wrapper)
--282560-- REDIR: 0x4b38b00 (libc.so.6:strspn) redirected to 0x483f220 (_vgnU_ifunc_wrapper)
--282560-- REDIR: 0x4b397d0 (libc.so.6:mempcpy) redirected to 0x483f220 (_vgnU_ifunc_wrapper)
--282560-- REDIR: 0x4b39ac0 (libc.so.6:strncasecmp) redirected to 0x483f220 (_vgnU_ifunc_wrapper)
--282560-- REDIR: 0x4b3af80 (libc.so.6:rawmemchr) redirected to 0x483f220 (_vgnU_ifunc_wrapper)
--282560-- REDIR: 0x4c2d610 (libc.so.6:__strrchr_avx2) redirected to 0x484e810 (rindex)
--282560-- REDIR: 0x4b350a0 (libc.so.6:malloc) redirected to 0x4848820 (malloc)
--282560-- REDIR: 0x4c2d7e0 (libc.so.6:__strlen_avx2) redirected to 0x484ed10 (strlen)
--282560-- REDIR: 0x4c29a80 (libc.so.6:__memcmp_avx2_movbe) redirected to 0x4852010 (bcmp)
==282560== Conditional jump or move depends on uninitialised value(s)
==282560==    at 0x4992A4E: std::ostreambuf_iterator<char, std::char_traits<char> > std::num_put<char, std::ostreambuf_iterator<char, std::char_traits<char> > >::_M_insert_int<long>(std::ostreambuf_iterator<char, std::char_traits<char> >, std::ios_base&, char, long) const (in /usr/lib/x86_64-linux-gnu/libstdc++.so.6.0.30)
==282560==    by 0x49A1119: std::ostream& std::ostream::_M_insert<long>(long) (in /usr/lib/x86_64-linux-gnu/libstdc++.so.6.0.30)
==282560==    by 0x1091AA: main (in /home/khajornritdacha/sandbox/study/indiv-nattee/code)
==282560== 
==282560== Use of uninitialised value of size 8
==282560==    at 0x499292B: ??? (in /usr/lib/x86_64-linux-gnu/libstdc++.so.6.0.30)
==282560==    by 0x4992A78: std::ostreambuf_iterator<char, std::char_traits<char> > std::num_put<char, std::ostreambuf_iterator<char, std::char_traits<char> > >::_M_insert_int<long>(std::ostreambuf_iterator<char, std::char_traits<char> >, std::ios_base&, char, long) const (in /usr/lib/x86_64-linux-gnu/libstdc++.so.6.0.30)
==282560==    by 0x49A1119: std::ostream& std::ostream::_M_insert<long>(long) (in /usr/lib/x86_64-linux-gnu/libstdc++.so.6.0.30)
==282560==    by 0x1091AA: main (in /home/khajornritdacha/sandbox/study/indiv-nattee/code)
==282560== 
==282560== Conditional jump or move depends on uninitialised value(s)
==282560==    at 0x499293D: ??? (in /usr/lib/x86_64-linux-gnu/libstdc++.so.6.0.30)
==282560==    by 0x4992A78: std::ostreambuf_iterator<char, std::char_traits<char> > std::num_put<char, std::ostreambuf_iterator<char, std::char_traits<char> > >::_M_insert_int<long>(std::ostreambuf_iterator<char, std::char_traits<char> >, std::ios_base&, char, long) const (in /usr/lib/x86_64-linux-gnu/libstdc++.so.6.0.30)
==282560==    by 0x49A1119: std::ostream& std::ostream::_M_insert<long>(long) (in /usr/lib/x86_64-linux-gnu/libstdc++.so.6.0.30)
==282560==    by 0x1091AA: main (in /home/khajornritdacha/sandbox/study/indiv-nattee/code)
==282560== 
==282560== Conditional jump or move depends on uninitialised value(s)
==282560==    at 0x4992AAE: std::ostreambuf_iterator<char, std::char_traits<char> > std::num_put<char, std::ostreambuf_iterator<char, std::char_traits<char> > >::_M_insert_int<long>(std::ostreambuf_iterator<char, std::char_traits<char> >, std::ios_base&, char, long) const (in /usr/lib/x86_64-linux-gnu/libstdc++.so.6.0.30)
==282560==    by 0x49A1119: std::ostream& std::ostream::_M_insert<long>(long) (in /usr/lib/x86_64-linux-gnu/libstdc++.so.6.0.30)
==282560==    by 0x1091AA: main (in /home/khajornritdacha/sandbox/study/indiv-nattee/code)
==282560== 
--282560-- REDIR: 0x4b353e0 (libc.so.6:free) redirected to 0x484b210 (free)
==282560== 
==282560== HEAP SUMMARY:
==282560==     in use at exit: 0 bytes in 0 blocks
==282560==   total heap usage: 2 allocs, 2 frees, 73,728 bytes allocated
==282560== 
==282560== All heap blocks were freed -- no leaks are possible
==282560== 
==282560== Use --track-origins=yes to see where uninitialised values come from
==282560== ERROR SUMMARY: 4 errors from 4 contexts (suppressed: 0 from 0)
==282560== 
==282560== 1 errors in context 1 of 4:
==282560== Conditional jump or move depends on uninitialised value(s)
==282560==    at 0x4992AAE: std::ostreambuf_iterator<char, std::char_traits<char> > std::num_put<char, std::ostreambuf_iterator<char, std::char_traits<char> > >::_M_insert_int<long>(std::ostreambuf_iterator<char, std::char_traits<char> >, std::ios_base&, char, long) const (in /usr/lib/x86_64-linux-gnu/libstdc++.so.6.0.30)
==282560==    by 0x49A1119: std::ostream& std::ostream::_M_insert<long>(long) (in /usr/lib/x86_64-linux-gnu/libstdc++.so.6.0.30)
==282560==    by 0x1091AA: main (in /home/khajornritdacha/sandbox/study/indiv-nattee/code)
==282560== 
==282560== 
==282560== 1 errors in context 2 of 4:
==282560== Conditional jump or move depends on uninitialised value(s)
==282560==    at 0x499293D: ??? (in /usr/lib/x86_64-linux-gnu/libstdc++.so.6.0.30)
==282560==    by 0x4992A78: std::ostreambuf_iterator<char, std::char_traits<char> > std::num_put<char, std::ostreambuf_iterator<char, std::char_traits<char> > >::_M_insert_int<long>(std::ostreambuf_iterator<char, std::char_traits<char> >, std::ios_base&, char, long) const (in /usr/lib/x86_64-linux-gnu/libstdc++.so.6.0.30)
==282560==    by 0x49A1119: std::ostream& std::ostream::_M_insert<long>(long) (in /usr/lib/x86_64-linux-gnu/libstdc++.so.6.0.30)
==282560==    by 0x1091AA: main (in /home/khajornritdacha/sandbox/study/indiv-nattee/code)
==282560== 
==282560== 
==282560== 1 errors in context 3 of 4:
==282560== Use of uninitialised value of size 8
==282560==    at 0x499292B: ??? (in /usr/lib/x86_64-linux-gnu/libstdc++.so.6.0.30)
==282560==    by 0x4992A78: std::ostreambuf_iterator<char, std::char_traits<char> > std::num_put<char, std::ostreambuf_iterator<char, std::char_traits<char> > >::_M_insert_int<long>(std::ostreambuf_iterator<char, std::char_traits<char> >, std::ios_base&, char, long) const (in /usr/lib/x86_64-linux-gnu/libstdc++.so.6.0.30)
==282560==    by 0x49A1119: std::ostream& std::ostream::_M_insert<long>(long) (in /usr/lib/x86_64-linux-gnu/libstdc++.so.6.0.30)
==282560==    by 0x1091AA: main (in /home/khajornritdacha/sandbox/study/indiv-nattee/code)
==282560== 
==282560== 
==282560== 1 errors in context 4 of 4:
==282560== Conditional jump or move depends on uninitialised value(s)
==282560==    at 0x4992A4E: std::ostreambuf_iterator<char, std::char_traits<char> > std::num_put<char, std::ostreambuf_iterator<char, std::char_traits<char> > >::_M_insert_int<long>(std::ostreambuf_iterator<char, std::char_traits<char> >, std::ios_base&, char, long) const (in /usr/lib/x86_64-linux-gnu/libstdc++.so.6.0.30)
==282560==    by 0x49A1119: std::ostream& std::ostream::_M_insert<long>(long) (in /usr/lib/x86_64-linux-gnu/libstdc++.so.6.0.30)
==282560==    by 0x1091AA: main (in /home/khajornritdacha/sandbox/study/indiv-nattee/code)
==282560== 
==282560== ERROR SUMMARY: 4 errors from 4 contexts (suppressed: 0 from 0)
